<?xml version="1.0" encoding="UTF-8"?>
<!-- Generated by org.testng.reporters.JUnitXMLReporter -->
<testsuite ignored="0" hostname="DESKTOP-GHF380V" failures="18" tests="22" name="HomeLyfTest" time="149.447" errors="0" timestamp="2024-03-14T18:01:10 IST">
  <testcase classname="HomeLyf.test.User" name="sendEmailOTP_Test" time="5.03"/>
  <testcase classname="HomeLyf.test.User" name="sendEmailOTP_Test" time="2.222"/>
  <testcase classname="HomeLyf.test.User" name="sendEmailOTP_Test" time="2.643"/>
  <testcase classname="HomeLyf.test.User" name="sendEmailOTP_Test" time="33.267"/>
  <testcase classname="HomeLyf.test.User" name="verifyOtp_Test" time="89.124">
    <failure type="junit.framework.AssertionFailedError" message="expected:&amp;lt;400&amp;gt; but was:&amp;lt;200&amp;gt;">
      <![CDATA[junit.framework.AssertionFailedError: expected:<400> but was:<200>
at junit.framework.Assert.fail(Assert.java:47)
at junit.framework.Assert.failNotEquals(Assert.java:282)
at junit.framework.Assert.assertEquals(Assert.java:64)
at junit.framework.Assert.assertEquals(Assert.java:201)
at junit.framework.Assert.assertEquals(Assert.java:207)
at HomeLyf.test.User.verifyOtp_Test(User.java:53)
at java.base/java.util.ArrayList.forEach(ArrayList.java:1511)
... Removed 27 stack frames]]>
    </failure>
  </testcase> <!-- verifyOtp_Test -->
  <testcase classname="HomeLyf.test.User" name="verifyOtp_Test" time="0.428">
    <failure type="junit.framework.AssertionFailedError" message="expected:&amp;lt;400&amp;gt; but was:&amp;lt;200&amp;gt;">
      <![CDATA[junit.framework.AssertionFailedError: expected:<400> but was:<200>
at junit.framework.Assert.fail(Assert.java:47)
at junit.framework.Assert.failNotEquals(Assert.java:282)
at junit.framework.Assert.assertEquals(Assert.java:64)
at junit.framework.Assert.assertEquals(Assert.java:201)
at junit.framework.Assert.assertEquals(Assert.java:207)
at HomeLyf.test.User.verifyOtp_Test(User.java:53)
at java.base/java.util.ArrayList.forEach(ArrayList.java:1511)
... Removed 27 stack frames]]>
    </failure>
  </testcase> <!-- verifyOtp_Test -->
  <testcase classname="HomeLyf.test.User" name="verifyOtp_Test" time="0.492">
    <failure type="junit.framework.AssertionFailedError" message="expected:&amp;lt;400&amp;gt; but was:&amp;lt;200&amp;gt;">
      <![CDATA[junit.framework.AssertionFailedError: expected:<400> but was:<200>
at junit.framework.Assert.fail(Assert.java:47)
at junit.framework.Assert.failNotEquals(Assert.java:282)
at junit.framework.Assert.assertEquals(Assert.java:64)
at junit.framework.Assert.assertEquals(Assert.java:201)
at junit.framework.Assert.assertEquals(Assert.java:207)
at HomeLyf.test.User.verifyOtp_Test(User.java:53)
at java.base/java.util.ArrayList.forEach(ArrayList.java:1511)
... Removed 27 stack frames]]>
    </failure>
  </testcase> <!-- verifyOtp_Test -->
  <testcase classname="HomeLyf.test.User" name="verifyOtp_Test" time="0.471">
    <failure type="junit.framework.AssertionFailedError" message="expected:&amp;lt;400&amp;gt; but was:&amp;lt;200&amp;gt;">
      <![CDATA[junit.framework.AssertionFailedError: expected:<400> but was:<200>
at junit.framework.Assert.fail(Assert.java:47)
at junit.framework.Assert.failNotEquals(Assert.java:282)
at junit.framework.Assert.assertEquals(Assert.java:64)
at junit.framework.Assert.assertEquals(Assert.java:201)
at junit.framework.Assert.assertEquals(Assert.java:207)
at HomeLyf.test.User.verifyOtp_Test(User.java:53)
at java.base/java.util.ArrayList.forEach(ArrayList.java:1511)
... Removed 27 stack frames]]>
    </failure>
  </testcase> <!-- verifyOtp_Test -->
  <testcase classname="HomeLyf.test.User" name="signUp_Test" time="0.479">
    <failure type="junit.framework.AssertionFailedError" message="expected:&amp;lt;400&amp;gt; but was:&amp;lt;200&amp;gt;">
      <![CDATA[junit.framework.AssertionFailedError: expected:<400> but was:<200>
at junit.framework.Assert.fail(Assert.java:47)
at junit.framework.Assert.failNotEquals(Assert.java:282)
at junit.framework.Assert.assertEquals(Assert.java:64)
at junit.framework.Assert.assertEquals(Assert.java:201)
at junit.framework.Assert.assertEquals(Assert.java:207)
at HomeLyf.test.User.signUp_Test(User.java:67)
at java.base/java.util.ArrayList.forEach(ArrayList.java:1511)
... Removed 27 stack frames]]>
    </failure>
  </testcase> <!-- signUp_Test -->
  <testcase classname="HomeLyf.test.User" name="signUp_Test" time="0.374">
    <failure type="junit.framework.AssertionFailedError" message="expected:&amp;lt;400&amp;gt; but was:&amp;lt;200&amp;gt;">
      <![CDATA[junit.framework.AssertionFailedError: expected:<400> but was:<200>
at junit.framework.Assert.fail(Assert.java:47)
at junit.framework.Assert.failNotEquals(Assert.java:282)
at junit.framework.Assert.assertEquals(Assert.java:64)
at junit.framework.Assert.assertEquals(Assert.java:201)
at junit.framework.Assert.assertEquals(Assert.java:207)
at HomeLyf.test.User.signUp_Test(User.java:67)
at java.base/java.util.ArrayList.forEach(ArrayList.java:1511)
... Removed 27 stack frames]]>
    </failure>
  </testcase> <!-- signUp_Test -->
  <testcase classname="HomeLyf.test.User" name="signUp_Test" time="4.279">
    <failure type="junit.framework.AssertionFailedError" message="expected:&amp;lt;400&amp;gt; but was:&amp;lt;200&amp;gt;">
      <![CDATA[junit.framework.AssertionFailedError: expected:<400> but was:<200>
at junit.framework.Assert.fail(Assert.java:47)
at junit.framework.Assert.failNotEquals(Assert.java:282)
at junit.framework.Assert.assertEquals(Assert.java:64)
at junit.framework.Assert.assertEquals(Assert.java:201)
at junit.framework.Assert.assertEquals(Assert.java:207)
at HomeLyf.test.User.signUp_Test(User.java:67)
at java.base/java.util.ArrayList.forEach(ArrayList.java:1511)
... Removed 27 stack frames]]>
    </failure>
  </testcase> <!-- signUp_Test -->
  <testcase classname="HomeLyf.test.User" name="signUp_Test" time="0.972">
    <failure type="junit.framework.AssertionFailedError" message="expected:&amp;lt;400&amp;gt; but was:&amp;lt;200&amp;gt;">
      <![CDATA[junit.framework.AssertionFailedError: expected:<400> but was:<200>
at junit.framework.Assert.fail(Assert.java:47)
at junit.framework.Assert.failNotEquals(Assert.java:282)
at junit.framework.Assert.assertEquals(Assert.java:64)
at junit.framework.Assert.assertEquals(Assert.java:201)
at junit.framework.Assert.assertEquals(Assert.java:207)
at HomeLyf.test.User.signUp_Test(User.java:67)
at java.base/java.util.ArrayList.forEach(ArrayList.java:1511)
... Removed 27 stack frames]]>
    </failure>
  </testcase> <!-- signUp_Test -->
  <testcase classname="HomeLyf.test.User" name="signIn_Test" time="0.521">
    <failure type="junit.framework.AssertionFailedError" message="expected:&amp;lt;400&amp;gt; but was:&amp;lt;200&amp;gt;">
      <![CDATA[junit.framework.AssertionFailedError: expected:<400> but was:<200>
at junit.framework.Assert.fail(Assert.java:47)
at junit.framework.Assert.failNotEquals(Assert.java:282)
at junit.framework.Assert.assertEquals(Assert.java:64)
at junit.framework.Assert.assertEquals(Assert.java:201)
at junit.framework.Assert.assertEquals(Assert.java:207)
at HomeLyf.test.User.signIn_Test(User.java:77)
at java.base/java.util.ArrayList.forEach(ArrayList.java:1511)
... Removed 27 stack frames]]>
    </failure>
  </testcase> <!-- signIn_Test -->
  <testcase classname="HomeLyf.test.User" name="signIn_Test" time="0.436">
    <failure type="junit.framework.AssertionFailedError" message="expected:&amp;lt;400&amp;gt; but was:&amp;lt;200&amp;gt;">
      <![CDATA[junit.framework.AssertionFailedError: expected:<400> but was:<200>
at junit.framework.Assert.fail(Assert.java:47)
at junit.framework.Assert.failNotEquals(Assert.java:282)
at junit.framework.Assert.assertEquals(Assert.java:64)
at junit.framework.Assert.assertEquals(Assert.java:201)
at junit.framework.Assert.assertEquals(Assert.java:207)
at HomeLyf.test.User.signIn_Test(User.java:77)
at java.base/java.util.ArrayList.forEach(ArrayList.java:1511)
... Removed 27 stack frames]]>
    </failure>
  </testcase> <!-- signIn_Test -->
  <testcase classname="HomeLyf.test.User" name="signIn_Test" time="0.46">
    <failure type="junit.framework.AssertionFailedError" message="expected:&amp;lt;400&amp;gt; but was:&amp;lt;200&amp;gt;">
      <![CDATA[junit.framework.AssertionFailedError: expected:<400> but was:<200>
at junit.framework.Assert.fail(Assert.java:47)
at junit.framework.Assert.failNotEquals(Assert.java:282)
at junit.framework.Assert.assertEquals(Assert.java:64)
at junit.framework.Assert.assertEquals(Assert.java:201)
at junit.framework.Assert.assertEquals(Assert.java:207)
at HomeLyf.test.User.signIn_Test(User.java:77)
at java.base/java.util.ArrayList.forEach(ArrayList.java:1511)
... Removed 27 stack frames]]>
    </failure>
  </testcase> <!-- signIn_Test -->
  <testcase classname="HomeLyf.test.User" name="forgotPasswordOTP_Test" time="1.023">
    <failure type="junit.framework.AssertionFailedError" message="expected:&amp;lt;400&amp;gt; but was:&amp;lt;200&amp;gt;">
      <![CDATA[junit.framework.AssertionFailedError: expected:<400> but was:<200>
at junit.framework.Assert.fail(Assert.java:47)
at junit.framework.Assert.failNotEquals(Assert.java:282)
at junit.framework.Assert.assertEquals(Assert.java:64)
at junit.framework.Assert.assertEquals(Assert.java:201)
at junit.framework.Assert.assertEquals(Assert.java:207)
at HomeLyf.test.User.forgotPasswordOTP_Test(User.java:85)
at java.base/java.util.ArrayList.forEach(ArrayList.java:1511)
... Removed 27 stack frames]]>
    </failure>
  </testcase> <!-- forgotPasswordOTP_Test -->
  <testcase classname="HomeLyf.test.User" name="forgotPasswordOTP_Test" time="0.432">
    <failure type="junit.framework.AssertionFailedError" message="expected:&amp;lt;400&amp;gt; but was:&amp;lt;200&amp;gt;">
      <![CDATA[junit.framework.AssertionFailedError: expected:<400> but was:<200>
at junit.framework.Assert.fail(Assert.java:47)
at junit.framework.Assert.failNotEquals(Assert.java:282)
at junit.framework.Assert.assertEquals(Assert.java:64)
at junit.framework.Assert.assertEquals(Assert.java:201)
at junit.framework.Assert.assertEquals(Assert.java:207)
at HomeLyf.test.User.forgotPasswordOTP_Test(User.java:85)
at java.base/java.util.ArrayList.forEach(ArrayList.java:1511)
... Removed 27 stack frames]]>
    </failure>
  </testcase> <!-- forgotPasswordOTP_Test -->
  <testcase classname="HomeLyf.test.User" name="forgotPasswordOTP_Test" time="0.498">
    <failure type="junit.framework.AssertionFailedError" message="expected:&amp;lt;400&amp;gt; but was:&amp;lt;200&amp;gt;">
      <![CDATA[junit.framework.AssertionFailedError: expected:<400> but was:<200>
at junit.framework.Assert.fail(Assert.java:47)
at junit.framework.Assert.failNotEquals(Assert.java:282)
at junit.framework.Assert.assertEquals(Assert.java:64)
at junit.framework.Assert.assertEquals(Assert.java:201)
at junit.framework.Assert.assertEquals(Assert.java:207)
at HomeLyf.test.User.forgotPasswordOTP_Test(User.java:85)
at java.base/java.util.ArrayList.forEach(ArrayList.java:1511)
... Removed 27 stack frames]]>
    </failure>
  </testcase> <!-- forgotPasswordOTP_Test -->
  <testcase classname="HomeLyf.test.User" name="forgotPasswordOTP_Test" time="0.935">
    <failure type="junit.framework.AssertionFailedError" message="expected:&amp;lt;400&amp;gt; but was:&amp;lt;200&amp;gt;">
      <![CDATA[junit.framework.AssertionFailedError: expected:<400> but was:<200>
at junit.framework.Assert.fail(Assert.java:47)
at junit.framework.Assert.failNotEquals(Assert.java:282)
at junit.framework.Assert.assertEquals(Assert.java:64)
at junit.framework.Assert.assertEquals(Assert.java:201)
at junit.framework.Assert.assertEquals(Assert.java:207)
at HomeLyf.test.User.forgotPasswordOTP_Test(User.java:85)
at java.base/java.util.ArrayList.forEach(ArrayList.java:1511)
... Removed 27 stack frames]]>
    </failure>
  </testcase> <!-- forgotPasswordOTP_Test -->
  <testcase classname="HomeLyf.test.User" name="forgotPassword_Test" time="0.371">
    <failure type="junit.framework.AssertionFailedError" message="expected:&amp;lt;400&amp;gt; but was:&amp;lt;200&amp;gt;">
      <![CDATA[junit.framework.AssertionFailedError: expected:<400> but was:<200>
at junit.framework.Assert.fail(Assert.java:47)
at junit.framework.Assert.failNotEquals(Assert.java:282)
at junit.framework.Assert.assertEquals(Assert.java:64)
at junit.framework.Assert.assertEquals(Assert.java:201)
at junit.framework.Assert.assertEquals(Assert.java:207)
at HomeLyf.test.User.forgotPassword_Test(User.java:95)
at java.base/java.util.ArrayList.forEach(ArrayList.java:1511)
... Removed 27 stack frames]]>
    </failure>
  </testcase> <!-- forgotPassword_Test -->
  <testcase classname="HomeLyf.test.User" name="forgotPassword_Test" time="1.515">
    <failure type="junit.framework.AssertionFailedError" message="expected:&amp;lt;400&amp;gt; but was:&amp;lt;200&amp;gt;">
      <![CDATA[junit.framework.AssertionFailedError: expected:<400> but was:<200>
at junit.framework.Assert.fail(Assert.java:47)
at junit.framework.Assert.failNotEquals(Assert.java:282)
at junit.framework.Assert.assertEquals(Assert.java:64)
at junit.framework.Assert.assertEquals(Assert.java:201)
at junit.framework.Assert.assertEquals(Assert.java:207)
at HomeLyf.test.User.forgotPassword_Test(User.java:95)
at java.base/java.util.ArrayList.forEach(ArrayList.java:1511)
... Removed 27 stack frames]]>
    </failure>
  </testcase> <!-- forgotPassword_Test -->
  <testcase classname="HomeLyf.test.User" name="forgotPassword_Test" time="0.434">
    <failure type="junit.framework.AssertionFailedError" message="expected:&amp;lt;400&amp;gt; but was:&amp;lt;200&amp;gt;">
      <![CDATA[junit.framework.AssertionFailedError: expected:<400> but was:<200>
at junit.framework.Assert.fail(Assert.java:47)
at junit.framework.Assert.failNotEquals(Assert.java:282)
at junit.framework.Assert.assertEquals(Assert.java:64)
at junit.framework.Assert.assertEquals(Assert.java:201)
at junit.framework.Assert.assertEquals(Assert.java:207)
at HomeLyf.test.User.forgotPassword_Test(User.java:95)
at java.base/java.util.ArrayList.forEach(ArrayList.java:1511)
... Removed 27 stack frames]]>
    </failure>
  </testcase> <!-- forgotPassword_Test -->
</testsuite> <!-- HomeLyfTest -->
